2023/08/14 18:00:08 [notice] 1#1: using the "epoll" event method
2023/08/14 18:00:08 [notice] 1#1: nginx/1.25.1
2023/08/14 18:00:08 [notice] 1#1: built by gcc 12.2.0 (Debian 12.2.0-14) 
2023/08/14 18:00:08 [notice] 1#1: OS: Linux 5.15.49-linuxkit-pr
2023/08/14 18:00:08 [notice] 1#1: getrlimit(RLIMIT_NOFILE): 1048576:1048576
2023/08/14 18:00:08 [notice] 1#1: start worker processes
2023/08/14 18:00:08 [notice] 1#1: start worker process 34
2023/08/14 18:00:08 [notice] 1#1: start worker process 35
2023/08/14 18:00:08 [notice] 1#1: start worker process 36
2023/08/14 18:00:08 [notice] 1#1: start worker process 37
2023/08/14 18:00:55 [notice] 1#1: signal 3 (SIGQUIT) received, shutting down
2023/08/14 18:00:55 [notice] 35#35: gracefully shutting down
2023/08/14 18:00:55 [notice] 34#34: gracefully shutting down
2023/08/14 18:00:55 [notice] 36#36: gracefully shutting down
2023/08/14 18:00:55 [notice] 37#37: gracefully shutting down
2023/08/14 18:00:55 [notice] 37#37: exiting
2023/08/14 18:00:55 [notice] 35#35: exiting
2023/08/14 18:00:55 [notice] 35#35: exit
2023/08/14 18:00:55 [notice] 34#34: exiting
2023/08/14 18:00:55 [notice] 36#36: exiting
2023/08/14 18:00:55 [notice] 37#37: exit
2023/08/14 18:00:55 [notice] 34#34: exit
2023/08/14 18:00:55 [notice] 36#36: exit
2023/08/14 18:00:55 [notice] 1#1: signal 17 (SIGCHLD) received from 35
2023/08/14 18:00:55 [notice] 1#1: worker process 35 exited with code 0
2023/08/14 18:00:55 [notice] 1#1: signal 29 (SIGIO) received
2023/08/14 18:00:55 [notice] 1#1: signal 17 (SIGCHLD) received from 37
2023/08/14 18:00:55 [notice] 1#1: worker process 37 exited with code 0
2023/08/14 18:00:55 [notice] 1#1: signal 29 (SIGIO) received
2023/08/14 18:00:55 [notice] 1#1: signal 17 (SIGCHLD) received from 34
2023/08/14 18:00:55 [notice] 1#1: worker process 34 exited with code 0
2023/08/14 18:00:55 [notice] 1#1: worker process 36 exited with code 0
2023/08/14 18:00:55 [notice] 1#1: exit
2023/08/14 18:01:15 [notice] 1#1: using the "epoll" event method
2023/08/14 18:01:15 [notice] 1#1: nginx/1.25.1
2023/08/14 18:01:15 [notice] 1#1: built by gcc 12.2.0 (Debian 12.2.0-14) 
2023/08/14 18:01:15 [notice] 1#1: OS: Linux 5.15.49-linuxkit-pr
2023/08/14 18:01:15 [notice] 1#1: getrlimit(RLIMIT_NOFILE): 1048576:1048576
2023/08/14 18:01:15 [notice] 1#1: start worker processes
2023/08/14 18:01:15 [notice] 1#1: start worker process 33
2023/08/14 18:01:15 [notice] 1#1: start worker process 34
2023/08/14 18:01:15 [notice] 1#1: start worker process 35
2023/08/14 18:01:15 [notice] 1#1: start worker process 36
2023/08/14 18:23:47 [error] 33#33: *9 upstream timed out (110: Connection timed out) while reading response header from upstream, client: 172.21.0.1, server: , request: "GET / HTTP/1.1", upstream: "fastcgi://172.21.0.2:9000", host: "localhost"
2023/08/14 18:24:47 [error] 33#33: *9 upstream timed out (110: Connection timed out) while reading response header from upstream, client: 172.21.0.1, server: , request: "GET /favicon.ico HTTP/1.1", upstream: "fastcgi://172.21.0.2:9000", host: "localhost", referrer: "http://localhost/"
